 process source filenames cms.Source("PoolSource",
    fileNames = cms.untracked.vstring(
        'root://xrootd-cms.infn.it//store/data/Run2018A/ParkingBPH1/MINIAOD/05May2019-v1/00000/12280ABA-1297-EA4A-8C59-C429FB0693A9.root', 
        '/store/data/Run2018A/ParkingBPH1/MINIAOD/05May2019-v1/00000/12C659FD-D961-6640-9C3D-48CD12A0D033.root', 
        '/store/data/Run2018A/ParkingBPH1/MINIAOD/05May2019-v1/00000/16216319-7A5E-774C-AAE5-5E36ED1E724E.root', 
        '/store/data/Run2018A/ParkingBPH1/MINIAOD/05May2019-v1/00000/17214445-47CE-B740-837B-01F1CEF607F7.root', 
        '/store/data/Run2018A/ParkingBPH1/MINIAOD/05May2019-v1/00000/19F53134-F58E-584F-9471-C290C95F55C1.root', 
        '/store/data/Run2018A/ParkingBPH1/MINIAOD/05May2019-v1/00000/1D796FDD-1879-3441-BB24-C0A61C33B5D7.root', 
        '/store/data/Run2018A/ParkingBPH1/MINIAOD/05May2019-v1/00000/1EEBDB7D-3C35-1045-8271-B48535954774.root', 
        '/store/data/Run2018A/ParkingBPH1/MINIAOD/05May2019-v1/00000/22A2D0DA-3725-954A-8A3E-F3286E8CC5D7.root', 
        '/store/data/Run2018A/ParkingBPH1/MINIAOD/05May2019-v1/00000/27098DE0-F01F-EF46-AB9C-E97521F1E994.root', 
        '/store/data/Run2018A/ParkingBPH1/MINIAOD/05May2019-v1/00000/272E571D-8FC9-4D44-B714-801092498538.root', 
        '/store/data/Run2018A/ParkingBPH1/MINIAOD/05May2019-v1/00000/2B59D9F7-F59A-9F45-A6C8-992D2D0D0F58.root', 
        '/store/data/Run2018A/ParkingBPH1/MINIAOD/05May2019-v1/00000/2BDFA849-34F8-7743-A34F-2737ABB00642.root', 
        '/store/data/Run2018A/ParkingBPH1/MINIAOD/05May2019-v1/00000/2BF4D891-7203-CD4A-8E27-FE5174C18D72.root', 
        '/store/data/Run2018A/ParkingBPH1/MINIAOD/05May2019-v1/00000/2D654358-78BB-CC47-9BDB-B06F7A921AA4.root', 
        '/store/data/Run2018A/ParkingBPH1/MINIAOD/05May2019-v1/00000/2E04833B-1907-D042-AFDB-6C90C998D4CD.root', 
        '/store/data/Run2018A/ParkingBPH1/MINIAOD/05May2019-v1/00000/30D0485A-0BC6-AA45-8248-7F511B0BAA40.root', 
        '/store/data/Run2018A/ParkingBPH1/MINIAOD/05May2019-v1/00000/324CFB6F-04C5-CA43-8FC4-7D71865ACC74.root', 
        '/store/data/Run2018A/ParkingBPH1/MINIAOD/05May2019-v1/00000/32CCB237-4000-0A40-BA5F-7944298C512E.root', 
        '/store/data/Run2018A/ParkingBPH1/MINIAOD/05May2019-v1/00000/33C6D0EF-F07A-9140-AC0D-5BEB78BB5620.root', 
        '/store/data/Run2018A/ParkingBPH1/MINIAOD/05May2019-v1/00000/34C995F1-FA2A-C941-A149-6B63A5194E2A.root', 
        '/store/data/Run2018A/ParkingBPH1/MINIAOD/05May2019-v1/00000/357B8A1D-6B20-3846-9FB1-ECD2C0E70281.root', 
        '/store/data/Run2018A/ParkingBPH1/MINIAOD/05May2019-v1/00000/36FCFFBA-9557-CE4C-95A5-A3A3A3B11A85.root', 
        '/store/data/Run2018A/ParkingBPH1/MINIAOD/05May2019-v1/00000/386D8AA5-CD18-D047-9609-AE40C008F3A8.root', 
        '/store/data/Run2018A/ParkingBPH1/MINIAOD/05May2019-v1/00000/3D6A89D1-76A4-454B-B01B-D2E5D40BAF7B.root', 
        '/store/data/Run2018A/ParkingBPH1/MINIAOD/05May2019-v1/00000/3F1DC056-C085-FA4F-A6CA-9C343A5791BA.root', 
        '/store/data/Run2018A/ParkingBPH1/MINIAOD/05May2019-v1/00000/46B00DD1-0FF1-134D-8AD2-0AD045BE3159.root', 
        '/store/data/Run2018A/ParkingBPH1/MINIAOD/05May2019-v1/00000/489A28C0-68F3-6A41-AC4D-2AAF77FC21AD.root', 
        '/store/data/Run2018A/ParkingBPH1/MINIAOD/05May2019-v1/00000/489C65AD-415E-E840-A912-E11E54ECCADB.root', 
        '/store/data/Run2018A/ParkingBPH1/MINIAOD/05May2019-v1/00000/4ABD886C-978A-8A46-BFA5-9F8FD5DD615F.root', 
        '/store/data/Run2018A/ParkingBPH1/MINIAOD/05May2019-v1/00000/4B49014B-C005-584B-A0E0-0EC01E8A7851.root', 
        '/store/data/Run2018A/ParkingBPH1/MINIAOD/05May2019-v1/00000/4C3F6DD5-1AD3-0444-80F8-830DBA773403.root', 
        '/store/data/Run2018A/ParkingBPH1/MINIAOD/05May2019-v1/00000/4CBC3552-C55C-424A-904C-EB464F080B89.root', 
        '/store/data/Run2018A/ParkingBPH1/MINIAOD/05May2019-v1/00000/502CD439-6A19-1C44-8DBA-75BD6ACCDF3E.root', 
        '/store/data/Run2018A/ParkingBPH1/MINIAOD/05May2019-v1/00000/50889893-7D46-9241-881B-6D8AAFD16328.root', 
        '/store/data/Run2018A/ParkingBPH1/MINIAOD/05May2019-v1/00000/510A8701-EA1F-E24F-B457-276166E72D04.root', 
        '/store/data/Run2018A/ParkingBPH1/MINIAOD/05May2019-v1/00000/51BA0779-C792-A945-A05E-82DC0B436CD8.root', 
        '/store/data/Run2018A/ParkingBPH1/MINIAOD/05May2019-v1/00000/523C89FE-9BCB-4A4F-B127-F81DC6571EB2.root'
    )
)

1. options.RunPeriod  Run2018A
jec JEC_runDependent_suffix A ,  prefix Autumn18_RunA_V8 
jec prefix  Autumn18_RunA_V8
doing corrections  to met on the fly %s False
*************************************** GLOBAL TAG *************************************************
102X_dataRun2_Sep2018ABC_v2
****************************************************************************************************

%MSG-i ThreadStreamSetup:  (NoModuleName) 10-Mar-2021 13:09:15 CET pre-events
setting # threads 2
setting # streams 2
%MSG
%MSG-i Geometry:  (NoModuleName) CSCGeometryESModule() 10-Mar-2021 13:09:20 CET  pre-events
Label '' looking for alignment labels ''.
%MSG
%MSG-i Geometry:  (NoModuleName) CSCGeometryESModule() 10-Mar-2021 13:09:20 CET  pre-events
Label 'idealForDigi' IGNORING alignment labels 'fakeForIdeal'.
%MSG
Finds tag HCAL : 1
Finds tag ZDC : 1
Finds tag CASTOR : 1
Finds tag EcalEndcap : 1
%MSG-i HCAL:  (NoModuleName) 10-Mar-2021 13:09:20 CET pre-events
CaloTowerTopologyEP::CaloTowerTopologyEP
%MSG
%MSG-i Geometry:  (NoModuleName) DTGeometryESModule() 10-Mar-2021 13:09:20 CET  pre-events
Label '' looking for alignment labels ''.
%MSG
%MSG-i Geometry:  (NoModuleName) DTGeometryESModule() 10-Mar-2021 13:09:20 CET  pre-events
Label 'idealForDigi' IGNORING alignment labels 'fakeForIdeal'.
%MSG
%MSG-i Alignments:  (NoModuleName) FakeAlignmentProducer()  10-Mar-2021 13:09:20 CET pre-events
Providing data with label 'fakeForIdeal'.
%MSG
%MSG-i SiPixelQualityESProducer::SiPixelQualityESProducer:  (NoModuleName)  10-Mar-2021 13:09:20 CET pre-events

%MSG
%MSG-i SiStripBackPlaneCorrectionDepESProducer:  (NoModuleName)  10-Mar-2021 13:09:21 CET pre-events
ctor
%MSG
%MSG-i SiStripLorentzAngleDepESProducer:  (NoModuleName)  10-Mar-2021 13:09:21 CET pre-events
ctor
%MSG
%MSG-i SiStripQualityESProducer:  (NoModuleName) 10-Mar-2021 13:09:21 CET  pre-events
ctor
%MSG
%MSG-i SiStripQualityESProducer:  (NoModuleName) 10-Mar-2021 13:09:21 CET  pre-events
[SiStripQualityESProducer::ctor] Going to get data from record SiStripDetVOffRcd with tag 
%MSG
%MSG-i SiStripQualityESProducer:  (NoModuleName) 10-Mar-2021 13:09:21 CET  pre-events
[SiStripQualityESProducer::ctor] Going to get data from record SiStripDetCablingRcd with tag 
%MSG
%MSG-i SiStripQualityESProducer:  (NoModuleName) 10-Mar-2021 13:09:21 CET  pre-events
[SiStripQualityESProducer::ctor] Going to get data from record SiStripBadChannelRcd with tag 
%MSG
%MSG-i Geometry:  (NoModuleName) TrackerDigiGeometryESModule()  10-Mar-2021 13:09:21 CET pre-events
Label 'idealForDigi' IGNORING alignment labels 'fakeForIdeal'.
%MSG
%MSG-i Geometry:  (NoModuleName) TrackerDigiGeometryESModule()  10-Mar-2021 13:09:21 CET pre-events
Label '' looking for alignment labels ''.
%MSG
%MSG-i TRACKER:  (NoModuleName) 10-Mar-2021 13:09:21 CET pre-events
TrackerTopologyEP::TrackerTopologyEP
%MSG
%MSG-i HCAL:  (NoModuleName) 10-Mar-2021 13:09:21 CET pre-events
HcalHardcodeCalibrations::HcalHardcodeCalibrations->...
%MSG
Failed open file in the dCache.
%MSG-w StorageFactory::stagein():  PoolSource:source@sourceConstruction  10-Mar-2021 13:09:24 CET pre-events
Failed to stage in file 'dcap://t3se01.psi.ch/pnfs/psi.ch/cms/trivcat/store/data/Run2018A/ParkingBPH1/MINIAOD/05May2019-v1/00000/12C659FD-D961-6640-9C3D-48CD12A0D033.root' because:
An exception of category 'FileStageInError' occurred while
   [0] Calling DCacheStorageMaker::stagein()
Exception Message:
Cannot stage in file 'dcap://t3se01.psi.ch/pnfs/psi.ch/cms/trivcat/store/data/Run2018A/ParkingBPH1/MINIAOD/05May2019-v1/00000/12C659FD-D961-6640-9C3D-48CD12A0D033.root', error was: "No such file or directory" (dc_errno=30)

%MSG
Failed open file in the dCache.
%MSG-w StorageFactory::stagein():  PoolSource:source@sourceConstruction  10-Mar-2021 13:09:24 CET pre-events
Failed to stage in file 'dcap://t3se01.psi.ch/pnfs/psi.ch/cms/trivcat/store/data/Run2018A/ParkingBPH1/MINIAOD/05May2019-v1/00000/16216319-7A5E-774C-AAE5-5E36ED1E724E.root' because:
An exception of category 'FileStageInError' occurred while
   [0] Calling DCacheStorageMaker::stagein()
Exception Message:
Cannot stage in file 'dcap://t3se01.psi.ch/pnfs/psi.ch/cms/trivcat/store/data/Run2018A/ParkingBPH1/MINIAOD/05May2019-v1/00000/16216319-7A5E-774C-AAE5-5E36ED1E724E.root', error was: "No such file or directory" (dc_errno=30)

%MSG
Failed open file in the dCache.
%MSG-w StorageFactory::stagein():  PoolSource:source@sourceConstruction  10-Mar-2021 13:09:24 CET pre-events
Failed to stage in file 'dcap://t3se01.psi.ch/pnfs/psi.ch/cms/trivcat/store/data/Run2018A/ParkingBPH1/MINIAOD/05May2019-v1/00000/17214445-47CE-B740-837B-01F1CEF607F7.root' because:
An exception of category 'FileStageInError' occurred while
   [0] Calling DCacheStorageMaker::stagein()
Exception Message:
Cannot stage in file 'dcap://t3se01.psi.ch/pnfs/psi.ch/cms/trivcat/store/data/Run2018A/ParkingBPH1/MINIAOD/05May2019-v1/00000/17214445-47CE-B740-837B-01F1CEF607F7.root', error was: "No such file or directory" (dc_errno=30)

%MSG
Failed open file in the dCache.
%MSG-w StorageFactory::stagein():  PoolSource:source@sourceConstruction  10-Mar-2021 13:09:24 CET pre-events
Failed to stage in file 'dcap://t3se01.psi.ch/pnfs/psi.ch/cms/trivcat/store/data/Run2018A/ParkingBPH1/MINIAOD/05May2019-v1/00000/19F53134-F58E-584F-9471-C290C95F55C1.root' because:
An exception of category 'FileStageInError' occurred while
   [0] Calling DCacheStorageMaker::stagein()
Exception Message:
Cannot stage in file 'dcap://t3se01.psi.ch/pnfs/psi.ch/cms/trivcat/store/data/Run2018A/ParkingBPH1/MINIAOD/05May2019-v1/00000/19F53134-F58E-584F-9471-C290C95F55C1.root', error was: "No such file or directory" (dc_errno=30)

%MSG
Failed open file in the dCache.
%MSG-w StorageFactory::stagein():  PoolSource:source@sourceConstruction  10-Mar-2021 13:09:24 CET pre-events
Failed to stage in file 'dcap://t3se01.psi.ch/pnfs/psi.ch/cms/trivcat/store/data/Run2018A/ParkingBPH1/MINIAOD/05May2019-v1/00000/1D796FDD-1879-3441-BB24-C0A61C33B5D7.root' because:
An exception of category 'FileStageInError' occurred while
   [0] Calling DCacheStorageMaker::stagein()
Exception Message:
Cannot stage in file 'dcap://t3se01.psi.ch/pnfs/psi.ch/cms/trivcat/store/data/Run2018A/ParkingBPH1/MINIAOD/05May2019-v1/00000/1D796FDD-1879-3441-BB24-C0A61C33B5D7.root', error was: "No such file or directory" (dc_errno=30)

%MSG
Failed open file in the dCache.
%MSG-w StorageFactory::stagein():  PoolSource:source@sourceConstruction  10-Mar-2021 13:09:24 CET pre-events
Failed to stage in file 'dcap://t3se01.psi.ch/pnfs/psi.ch/cms/trivcat/store/data/Run2018A/ParkingBPH1/MINIAOD/05May2019-v1/00000/1EEBDB7D-3C35-1045-8271-B48535954774.root' because:
An exception of category 'FileStageInError' occurred while
   [0] Calling DCacheStorageMaker::stagein()
Exception Message:
Cannot stage in file 'dcap://t3se01.psi.ch/pnfs/psi.ch/cms/trivcat/store/data/Run2018A/ParkingBPH1/MINIAOD/05May2019-v1/00000/1EEBDB7D-3C35-1045-8271-B48535954774.root', error was: "No such file or directory" (dc_errno=30)

%MSG
Failed open file in the dCache.
%MSG-w StorageFactory::stagein():  PoolSource:source@sourceConstruction  10-Mar-2021 13:09:24 CET pre-events
Failed to stage in file 'dcap://t3se01.psi.ch/pnfs/psi.ch/cms/trivcat/store/data/Run2018A/ParkingBPH1/MINIAOD/05May2019-v1/00000/22A2D0DA-3725-954A-8A3E-F3286E8CC5D7.root' because:
An exception of category 'FileStageInError' occurred while
   [0] Calling DCacheStorageMaker::stagein()
Exception Message:
Cannot stage in file 'dcap://t3se01.psi.ch/pnfs/psi.ch/cms/trivcat/store/data/Run2018A/ParkingBPH1/MINIAOD/05May2019-v1/00000/22A2D0DA-3725-954A-8A3E-F3286E8CC5D7.root', error was: "No such file or directory" (dc_errno=30)

%MSG
Failed open file in the dCache.
%MSG-w StorageFactory::stagein():  PoolSource:source@sourceConstruction  10-Mar-2021 13:09:24 CET pre-events
Failed to stage in file 'dcap://t3se01.psi.ch/pnfs/psi.ch/cms/trivcat/store/data/Run2018A/ParkingBPH1/MINIAOD/05May2019-v1/00000/27098DE0-F01F-EF46-AB9C-E97521F1E994.root' because:
An exception of category 'FileStageInError' occurred while
   [0] Calling DCacheStorageMaker::stagein()
Exception Message:
Cannot stage in file 'dcap://t3se01.psi.ch/pnfs/psi.ch/cms/trivcat/store/data/Run2018A/ParkingBPH1/MINIAOD/05May2019-v1/00000/27098DE0-F01F-EF46-AB9C-E97521F1E994.root', error was: "No such file or directory" (dc_errno=30)

%MSG
Failed open file in the dCache.
%MSG-w StorageFactory::stagein():  PoolSource:source@sourceConstruction  10-Mar-2021 13:09:24 CET pre-events
Failed to stage in file 'dcap://t3se01.psi.ch/pnfs/psi.ch/cms/trivcat/store/data/Run2018A/ParkingBPH1/MINIAOD/05May2019-v1/00000/272E571D-8FC9-4D44-B714-801092498538.root' because:
An exception of category 'FileStageInError' occurred while
   [0] Calling DCacheStorageMaker::stagein()
Exception Message:
Cannot stage in file 'dcap://t3se01.psi.ch/pnfs/psi.ch/cms/trivcat/store/data/Run2018A/ParkingBPH1/MINIAOD/05May2019-v1/00000/272E571D-8FC9-4D44-B714-801092498538.root', error was: "No such file or directory" (dc_errno=30)

%MSG
Failed open file in the dCache.
%MSG-w StorageFactory::stagein():  PoolSource:source@sourceConstruction  10-Mar-2021 13:09:24 CET pre-events
Failed to stage in file 'dcap://t3se01.psi.ch/pnfs/psi.ch/cms/trivcat/store/data/Run2018A/ParkingBPH1/MINIAOD/05May2019-v1/00000/2B59D9F7-F59A-9F45-A6C8-992D2D0D0F58.root' because:
An exception of category 'FileStageInError' occurred while
   [0] Calling DCacheStorageMaker::stagein()
Exception Message:
Cannot stage in file 'dcap://t3se01.psi.ch/pnfs/psi.ch/cms/trivcat/store/data/Run2018A/ParkingBPH1/MINIAOD/05May2019-v1/00000/2B59D9F7-F59A-9F45-A6C8-992D2D0D0F58.root', error was: "No such file or directory" (dc_errno=30)

%MSG
Failed open file in the dCache.
%MSG-w StorageFactory::stagein():  PoolSource:source@sourceConstruction  10-Mar-2021 13:09:24 CET pre-events
Failed to stage in file 'dcap://t3se01.psi.ch/pnfs/psi.ch/cms/trivcat/store/data/Run2018A/ParkingBPH1/MINIAOD/05May2019-v1/00000/2BDFA849-34F8-7743-A34F-2737ABB00642.root' because:
An exception of category 'FileStageInError' occurred while
   [0] Calling DCacheStorageMaker::stagein()
Exception Message:
Cannot stage in file 'dcap://t3se01.psi.ch/pnfs/psi.ch/cms/trivcat/store/data/Run2018A/ParkingBPH1/MINIAOD/05May2019-v1/00000/2BDFA849-34F8-7743-A34F-2737ABB00642.root', error was: "No such file or directory" (dc_errno=30)

%MSG
Failed open file in the dCache.
%MSG-w StorageFactory::stagein():  PoolSource:source@sourceConstruction  10-Mar-2021 13:09:24 CET pre-events
Failed to stage in file 'dcap://t3se01.psi.ch/pnfs/psi.ch/cms/trivcat/store/data/Run2018A/ParkingBPH1/MINIAOD/05May2019-v1/00000/2BF4D891-7203-CD4A-8E27-FE5174C18D72.root' because:
An exception of category 'FileStageInError' occurred while
   [0] Calling DCacheStorageMaker::stagein()
Exception Message:
Cannot stage in file 'dcap://t3se01.psi.ch/pnfs/psi.ch/cms/trivcat/store/data/Run2018A/ParkingBPH1/MINIAOD/05May2019-v1/00000/2BF4D891-7203-CD4A-8E27-FE5174C18D72.root', error was: "No such file or directory" (dc_errno=30)

%MSG
Failed open file in the dCache.
%MSG-w StorageFactory::stagein():  PoolSource:source@sourceConstruction  10-Mar-2021 13:09:24 CET pre-events
Failed to stage in file 'dcap://t3se01.psi.ch/pnfs/psi.ch/cms/trivcat/store/data/Run2018A/ParkingBPH1/MINIAOD/05May2019-v1/00000/2D654358-78BB-CC47-9BDB-B06F7A921AA4.root' because:
An exception of category 'FileStageInError' occurred while
   [0] Calling DCacheStorageMaker::stagein()
Exception Message:
Cannot stage in file 'dcap://t3se01.psi.ch/pnfs/psi.ch/cms/trivcat/store/data/Run2018A/ParkingBPH1/MINIAOD/05May2019-v1/00000/2D654358-78BB-CC47-9BDB-B06F7A921AA4.root', error was: "No such file or directory" (dc_errno=30)

%MSG
Failed open file in the dCache.
%MSG-w StorageFactory::stagein():  PoolSource:source@sourceConstruction  10-Mar-2021 13:09:24 CET pre-events
Failed to stage in file 'dcap://t3se01.psi.ch/pnfs/psi.ch/cms/trivcat/store/data/Run2018A/ParkingBPH1/MINIAOD/05May2019-v1/00000/2E04833B-1907-D042-AFDB-6C90C998D4CD.root' because:
An exception of category 'FileStageInError' occurred while
   [0] Calling DCacheStorageMaker::stagein()
Exception Message:
Cannot stage in file 'dcap://t3se01.psi.ch/pnfs/psi.ch/cms/trivcat/store/data/Run2018A/ParkingBPH1/MINIAOD/05May2019-v1/00000/2E04833B-1907-D042-AFDB-6C90C998D4CD.root', error was: "No such file or directory" (dc_errno=30)

%MSG
Failed open file in the dCache.
%MSG-w StorageFactory::stagein():  PoolSource:source@sourceConstruction  10-Mar-2021 13:09:24 CET pre-events
Failed to stage in file 'dcap://t3se01.psi.ch/pnfs/psi.ch/cms/trivcat/store/data/Run2018A/ParkingBPH1/MINIAOD/05May2019-v1/00000/30D0485A-0BC6-AA45-8248-7F511B0BAA40.root' because:
An exception of category 'FileStageInError' occurred while
   [0] Calling DCacheStorageMaker::stagein()
Exception Message:
Cannot stage in file 'dcap://t3se01.psi.ch/pnfs/psi.ch/cms/trivcat/store/data/Run2018A/ParkingBPH1/MINIAOD/05May2019-v1/00000/30D0485A-0BC6-AA45-8248-7F511B0BAA40.root', error was: "No such file or directory" (dc_errno=30)

%MSG
Failed open file in the dCache.
%MSG-w StorageFactory::stagein():  PoolSource:source@sourceConstruction  10-Mar-2021 13:09:24 CET pre-events
Failed to stage in file 'dcap://t3se01.psi.ch/pnfs/psi.ch/cms/trivcat/store/data/Run2018A/ParkingBPH1/MINIAOD/05May2019-v1/00000/324CFB6F-04C5-CA43-8FC4-7D71865ACC74.root' because:
An exception of category 'FileStageInError' occurred while
   [0] Calling DCacheStorageMaker::stagein()
Exception Message:
Cannot stage in file 'dcap://t3se01.psi.ch/pnfs/psi.ch/cms/trivcat/store/data/Run2018A/ParkingBPH1/MINIAOD/05May2019-v1/00000/324CFB6F-04C5-CA43-8FC4-7D71865ACC74.root', error was: "No such file or directory" (dc_errno=30)

%MSG
Failed open file in the dCache.
%MSG-w StorageFactory::stagein():  PoolSource:source@sourceConstruction  10-Mar-2021 13:09:24 CET pre-events
Failed to stage in file 'dcap://t3se01.psi.ch/pnfs/psi.ch/cms/trivcat/store/data/Run2018A/ParkingBPH1/MINIAOD/05May2019-v1/00000/32CCB237-4000-0A40-BA5F-7944298C512E.root' because:
An exception of category 'FileStageInError' occurred while
   [0] Calling DCacheStorageMaker::stagein()
Exception Message:
Cannot stage in file 'dcap://t3se01.psi.ch/pnfs/psi.ch/cms/trivcat/store/data/Run2018A/ParkingBPH1/MINIAOD/05May2019-v1/00000/32CCB237-4000-0A40-BA5F-7944298C512E.root', error was: "No such file or directory" (dc_errno=30)

%MSG
Failed open file in the dCache.
%MSG-w StorageFactory::stagein():  PoolSource:source@sourceConstruction  10-Mar-2021 13:09:24 CET pre-events
Failed to stage in file 'dcap://t3se01.psi.ch/pnfs/psi.ch/cms/trivcat/store/data/Run2018A/ParkingBPH1/MINIAOD/05May2019-v1/00000/33C6D0EF-F07A-9140-AC0D-5BEB78BB5620.root' because:
An exception of category 'FileStageInError' occurred while
   [0] Calling DCacheStorageMaker::stagein()
Exception Message:
Cannot stage in file 'dcap://t3se01.psi.ch/pnfs/psi.ch/cms/trivcat/store/data/Run2018A/ParkingBPH1/MINIAOD/05May2019-v1/00000/33C6D0EF-F07A-9140-AC0D-5BEB78BB5620.root', error was: "No such file or directory" (dc_errno=30)

%MSG
Failed open file in the dCache.
%MSG-w StorageFactory::stagein():  PoolSource:source@sourceConstruction  10-Mar-2021 13:09:24 CET pre-events
Failed to stage in file 'dcap://t3se01.psi.ch/pnfs/psi.ch/cms/trivcat/store/data/Run2018A/ParkingBPH1/MINIAOD/05May2019-v1/00000/34C995F1-FA2A-C941-A149-6B63A5194E2A.root' because:
An exception of category 'FileStageInError' occurred while
   [0] Calling DCacheStorageMaker::stagein()
Exception Message:
Cannot stage in file 'dcap://t3se01.psi.ch/pnfs/psi.ch/cms/trivcat/store/data/Run2018A/ParkingBPH1/MINIAOD/05May2019-v1/00000/34C995F1-FA2A-C941-A149-6B63A5194E2A.root', error was: "No such file or directory" (dc_errno=30)

%MSG
Failed open file in the dCache.
%MSG-w StorageFactory::stagein():  PoolSource:source@sourceConstruction  10-Mar-2021 13:09:24 CET pre-events
Failed to stage in file 'dcap://t3se01.psi.ch/pnfs/psi.ch/cms/trivcat/store/data/Run2018A/ParkingBPH1/MINIAOD/05May2019-v1/00000/357B8A1D-6B20-3846-9FB1-ECD2C0E70281.root' because:
An exception of category 'FileStageInError' occurred while
   [0] Calling DCacheStorageMaker::stagein()
Exception Message:
Cannot stage in file 'dcap://t3se01.psi.ch/pnfs/psi.ch/cms/trivcat/store/data/Run2018A/ParkingBPH1/MINIAOD/05May2019-v1/00000/357B8A1D-6B20-3846-9FB1-ECD2C0E70281.root', error was: "No such file or directory" (dc_errno=30)

%MSG
Failed open file in the dCache.
%MSG-w StorageFactory::stagein():  PoolSource:source@sourceConstruction  10-Mar-2021 13:09:24 CET pre-events
Failed to stage in file 'dcap://t3se01.psi.ch/pnfs/psi.ch/cms/trivcat/store/data/Run2018A/ParkingBPH1/MINIAOD/05May2019-v1/00000/36FCFFBA-9557-CE4C-95A5-A3A3A3B11A85.root' because:
An exception of category 'FileStageInError' occurred while
   [0] Calling DCacheStorageMaker::stagein()
Exception Message:
Cannot stage in file 'dcap://t3se01.psi.ch/pnfs/psi.ch/cms/trivcat/store/data/Run2018A/ParkingBPH1/MINIAOD/05May2019-v1/00000/36FCFFBA-9557-CE4C-95A5-A3A3A3B11A85.root', error was: "No such file or directory" (dc_errno=30)

%MSG
Failed open file in the dCache.
%MSG-w StorageFactory::stagein():  PoolSource:source@sourceConstruction  10-Mar-2021 13:09:24 CET pre-events
Failed to stage in file 'dcap://t3se01.psi.ch/pnfs/psi.ch/cms/trivcat/store/data/Run2018A/ParkingBPH1/MINIAOD/05May2019-v1/00000/386D8AA5-CD18-D047-9609-AE40C008F3A8.root' because:
An exception of category 'FileStageInError' occurred while
   [0] Calling DCacheStorageMaker::stagein()
Exception Message:
Cannot stage in file 'dcap://t3se01.psi.ch/pnfs/psi.ch/cms/trivcat/store/data/Run2018A/ParkingBPH1/MINIAOD/05May2019-v1/00000/386D8AA5-CD18-D047-9609-AE40C008F3A8.root', error was: "No such file or directory" (dc_errno=30)

%MSG
Failed open file in the dCache.
%MSG-w StorageFactory::stagein():  PoolSource:source@sourceConstruction  10-Mar-2021 13:09:24 CET pre-events
Failed to stage in file 'dcap://t3se01.psi.ch/pnfs/psi.ch/cms/trivcat/store/data/Run2018A/ParkingBPH1/MINIAOD/05May2019-v1/00000/3D6A89D1-76A4-454B-B01B-D2E5D40BAF7B.root' because:
An exception of category 'FileStageInError' occurred while
   [0] Calling DCacheStorageMaker::stagein()
Exception Message:
Cannot stage in file 'dcap://t3se01.psi.ch/pnfs/psi.ch/cms/trivcat/store/data/Run2018A/ParkingBPH1/MINIAOD/05May2019-v1/00000/3D6A89D1-76A4-454B-B01B-D2E5D40BAF7B.root', error was: "No such file or directory" (dc_errno=30)

%MSG
Failed open file in the dCache.
%MSG-w StorageFactory::stagein():  PoolSource:source@sourceConstruction  10-Mar-2021 13:09:24 CET pre-events
Failed to stage in file 'dcap://t3se01.psi.ch/pnfs/psi.ch/cms/trivcat/store/data/Run2018A/ParkingBPH1/MINIAOD/05May2019-v1/00000/3F1DC056-C085-FA4F-A6CA-9C343A5791BA.root' because:
An exception of category 'FileStageInError' occurred while
   [0] Calling DCacheStorageMaker::stagein()
Exception Message:
Cannot stage in file 'dcap://t3se01.psi.ch/pnfs/psi.ch/cms/trivcat/store/data/Run2018A/ParkingBPH1/MINIAOD/05May2019-v1/00000/3F1DC056-C085-FA4F-A6CA-9C343A5791BA.root', error was: "No such file or directory" (dc_errno=30)

%MSG
Failed open file in the dCache.
%MSG-w StorageFactory::stagein():  PoolSource:source@sourceConstruction  10-Mar-2021 13:09:24 CET pre-events
Failed to stage in file 'dcap://t3se01.psi.ch/pnfs/psi.ch/cms/trivcat/store/data/Run2018A/ParkingBPH1/MINIAOD/05May2019-v1/00000/46B00DD1-0FF1-134D-8AD2-0AD045BE3159.root' because:
An exception of category 'FileStageInError' occurred while
   [0] Calling DCacheStorageMaker::stagein()
Exception Message:
Cannot stage in file 'dcap://t3se01.psi.ch/pnfs/psi.ch/cms/trivcat/store/data/Run2018A/ParkingBPH1/MINIAOD/05May2019-v1/00000/46B00DD1-0FF1-134D-8AD2-0AD045BE3159.root', error was: "No such file or directory" (dc_errno=30)

%MSG
Failed open file in the dCache.
%MSG-w StorageFactory::stagein():  PoolSource:source@sourceConstruction  10-Mar-2021 13:09:24 CET pre-events
Failed to stage in file 'dcap://t3se01.psi.ch/pnfs/psi.ch/cms/trivcat/store/data/Run2018A/ParkingBPH1/MINIAOD/05May2019-v1/00000/489A28C0-68F3-6A41-AC4D-2AAF77FC21AD.root' because:
An exception of category 'FileStageInError' occurred while
   [0] Calling DCacheStorageMaker::stagein()
Exception Message:
Cannot stage in file 'dcap://t3se01.psi.ch/pnfs/psi.ch/cms/trivcat/store/data/Run2018A/ParkingBPH1/MINIAOD/05May2019-v1/00000/489A28C0-68F3-6A41-AC4D-2AAF77FC21AD.root', error was: "No such file or directory" (dc_errno=30)

%MSG
Failed open file in the dCache.
%MSG-w StorageFactory::stagein():  PoolSource:source@sourceConstruction  10-Mar-2021 13:09:24 CET pre-events
Failed to stage in file 'dcap://t3se01.psi.ch/pnfs/psi.ch/cms/trivcat/store/data/Run2018A/ParkingBPH1/MINIAOD/05May2019-v1/00000/489C65AD-415E-E840-A912-E11E54ECCADB.root' because:
An exception of category 'FileStageInError' occurred while
   [0] Calling DCacheStorageMaker::stagein()
Exception Message:
Cannot stage in file 'dcap://t3se01.psi.ch/pnfs/psi.ch/cms/trivcat/store/data/Run2018A/ParkingBPH1/MINIAOD/05May2019-v1/00000/489C65AD-415E-E840-A912-E11E54ECCADB.root', error was: "No such file or directory" (dc_errno=30)

%MSG
Failed open file in the dCache.
%MSG-w StorageFactory::stagein():  PoolSource:source@sourceConstruction  10-Mar-2021 13:09:24 CET pre-events
Failed to stage in file 'dcap://t3se01.psi.ch/pnfs/psi.ch/cms/trivcat/store/data/Run2018A/ParkingBPH1/MINIAOD/05May2019-v1/00000/4ABD886C-978A-8A46-BFA5-9F8FD5DD615F.root' because:
An exception of category 'FileStageInError' occurred while
   [0] Calling DCacheStorageMaker::stagein()
Exception Message:
Cannot stage in file 'dcap://t3se01.psi.ch/pnfs/psi.ch/cms/trivcat/store/data/Run2018A/ParkingBPH1/MINIAOD/05May2019-v1/00000/4ABD886C-978A-8A46-BFA5-9F8FD5DD615F.root', error was: "No such file or directory" (dc_errno=30)

%MSG
Failed open file in the dCache.
%MSG-w StorageFactory::stagein():  PoolSource:source@sourceConstruction  10-Mar-2021 13:09:24 CET pre-events
Failed to stage in file 'dcap://t3se01.psi.ch/pnfs/psi.ch/cms/trivcat/store/data/Run2018A/ParkingBPH1/MINIAOD/05May2019-v1/00000/4B49014B-C005-584B-A0E0-0EC01E8A7851.root' because:
An exception of category 'FileStageInError' occurred while
   [0] Calling DCacheStorageMaker::stagein()
Exception Message:
Cannot stage in file 'dcap://t3se01.psi.ch/pnfs/psi.ch/cms/trivcat/store/data/Run2018A/ParkingBPH1/MINIAOD/05May2019-v1/00000/4B49014B-C005-584B-A0E0-0EC01E8A7851.root', error was: "No such file or directory" (dc_errno=30)

%MSG
Failed open file in the dCache.
%MSG-w StorageFactory::stagein():  PoolSource:source@sourceConstruction  10-Mar-2021 13:09:24 CET pre-events
Failed to stage in file 'dcap://t3se01.psi.ch/pnfs/psi.ch/cms/trivcat/store/data/Run2018A/ParkingBPH1/MINIAOD/05May2019-v1/00000/4C3F6DD5-1AD3-0444-80F8-830DBA773403.root' because:
An exception of category 'FileStageInError' occurred while
   [0] Calling DCacheStorageMaker::stagein()
Exception Message:
Cannot stage in file 'dcap://t3se01.psi.ch/pnfs/psi.ch/cms/trivcat/store/data/Run2018A/ParkingBPH1/MINIAOD/05May2019-v1/00000/4C3F6DD5-1AD3-0444-80F8-830DBA773403.root', error was: "No such file or directory" (dc_errno=30)

%MSG
Failed open file in the dCache.
%MSG-w StorageFactory::stagein():  PoolSource:source@sourceConstruction  10-Mar-2021 13:09:24 CET pre-events
Failed to stage in file 'dcap://t3se01.psi.ch/pnfs/psi.ch/cms/trivcat/store/data/Run2018A/ParkingBPH1/MINIAOD/05May2019-v1/00000/4CBC3552-C55C-424A-904C-EB464F080B89.root' because:
An exception of category 'FileStageInError' occurred while
   [0] Calling DCacheStorageMaker::stagein()
Exception Message:
Cannot stage in file 'dcap://t3se01.psi.ch/pnfs/psi.ch/cms/trivcat/store/data/Run2018A/ParkingBPH1/MINIAOD/05May2019-v1/00000/4CBC3552-C55C-424A-904C-EB464F080B89.root', error was: "No such file or directory" (dc_errno=30)

%MSG
Failed open file in the dCache.
%MSG-w StorageFactory::stagein():  PoolSource:source@sourceConstruction  10-Mar-2021 13:09:24 CET pre-events
Failed to stage in file 'dcap://t3se01.psi.ch/pnfs/psi.ch/cms/trivcat/store/data/Run2018A/ParkingBPH1/MINIAOD/05May2019-v1/00000/502CD439-6A19-1C44-8DBA-75BD6ACCDF3E.root' because:
An exception of category 'FileStageInError' occurred while
   [0] Calling DCacheStorageMaker::stagein()
Exception Message:
Cannot stage in file 'dcap://t3se01.psi.ch/pnfs/psi.ch/cms/trivcat/store/data/Run2018A/ParkingBPH1/MINIAOD/05May2019-v1/00000/502CD439-6A19-1C44-8DBA-75BD6ACCDF3E.root', error was: "No such file or directory" (dc_errno=30)

%MSG
Failed open file in the dCache.
%MSG-w StorageFactory::stagein():  PoolSource:source@sourceConstruction  10-Mar-2021 13:09:24 CET pre-events
Failed to stage in file 'dcap://t3se01.psi.ch/pnfs/psi.ch/cms/trivcat/store/data/Run2018A/ParkingBPH1/MINIAOD/05May2019-v1/00000/50889893-7D46-9241-881B-6D8AAFD16328.root' because:
An exception of category 'FileStageInError' occurred while
   [0] Calling DCacheStorageMaker::stagein()
Exception Message:
Cannot stage in file 'dcap://t3se01.psi.ch/pnfs/psi.ch/cms/trivcat/store/data/Run2018A/ParkingBPH1/MINIAOD/05May2019-v1/00000/50889893-7D46-9241-881B-6D8AAFD16328.root', error was: "No such file or directory" (dc_errno=30)

%MSG
Failed open file in the dCache.
%MSG-w StorageFactory::stagein():  PoolSource:source@sourceConstruction  10-Mar-2021 13:09:24 CET pre-events
Failed to stage in file 'dcap://t3se01.psi.ch/pnfs/psi.ch/cms/trivcat/store/data/Run2018A/ParkingBPH1/MINIAOD/05May2019-v1/00000/510A8701-EA1F-E24F-B457-276166E72D04.root' because:
An exception of category 'FileStageInError' occurred while
   [0] Calling DCacheStorageMaker::stagein()
Exception Message:
Cannot stage in file 'dcap://t3se01.psi.ch/pnfs/psi.ch/cms/trivcat/store/data/Run2018A/ParkingBPH1/MINIAOD/05May2019-v1/00000/510A8701-EA1F-E24F-B457-276166E72D04.root', error was: "No such file or directory" (dc_errno=30)

%MSG
Failed open file in the dCache.
%MSG-w StorageFactory::stagein():  PoolSource:source@sourceConstruction  10-Mar-2021 13:09:24 CET pre-events
Failed to stage in file 'dcap://t3se01.psi.ch/pnfs/psi.ch/cms/trivcat/store/data/Run2018A/ParkingBPH1/MINIAOD/05May2019-v1/00000/51BA0779-C792-A945-A05E-82DC0B436CD8.root' because:
An exception of category 'FileStageInError' occurred while
   [0] Calling DCacheStorageMaker::stagein()
Exception Message:
Cannot stage in file 'dcap://t3se01.psi.ch/pnfs/psi.ch/cms/trivcat/store/data/Run2018A/ParkingBPH1/MINIAOD/05May2019-v1/00000/51BA0779-C792-A945-A05E-82DC0B436CD8.root', error was: "No such file or directory" (dc_errno=30)

%MSG
Failed open file in the dCache.
%MSG-w StorageFactory::stagein():  PoolSource:source@sourceConstruction  10-Mar-2021 13:09:24 CET pre-events
Failed to stage in file 'dcap://t3se01.psi.ch/pnfs/psi.ch/cms/trivcat/store/data/Run2018A/ParkingBPH1/MINIAOD/05May2019-v1/00000/523C89FE-9BCB-4A4F-B127-F81DC6571EB2.root' because:
An exception of category 'FileStageInError' occurred while
   [0] Calling DCacheStorageMaker::stagein()
Exception Message:
Cannot stage in file 'dcap://t3se01.psi.ch/pnfs/psi.ch/cms/trivcat/store/data/Run2018A/ParkingBPH1/MINIAOD/05May2019-v1/00000/523C89FE-9BCB-4A4F-B127-F81DC6571EB2.root', error was: "No such file or directory" (dc_errno=30)

%MSG
10-Mar-2021 13:09:24 CET  Initiating request to open file root://xrootd-cms.infn.it//store/data/Run2018A/ParkingBPH1/MINIAOD/05May2019-v1/00000/12280ABA-1297-EA4A-8C59-C429FB0693A9.root
[2021-03-10 13:12:25.176138 +0100][Error  ][XRootD            ] [se3.itep.ru:1094] Unable to get the response to request kXR_open (file: /store/data/Run2018A/ParkingBPH1/MINIAOD/05May2019-v1/00000/12280ABA-1297-EA4A-8C59-C429FB0693A9.root, mode: 0660, flags: kXR_open_read kXR_async kXR_retstat )
%MSG-w XrdAdaptorInternal:  file_open 10-Mar-2021 13:12:25 CET pre-events
Failed to open file at URL root://se3.itep.ru:1094//store/data/Run2018A/ParkingBPH1/MINIAOD/05May2019-v1/00000/12280ABA-1297-EA4A-8C59-C429FB0693A9.root.
%MSG
[2021-03-10 13:15:25.195910 +0100][Error  ][XRootD            ] [se3.itep.ru:1094] Unable to get the response to request kXR_open (file: /store/data/Run2018A/ParkingBPH1/MINIAOD/05May2019-v1/00000/12280ABA-1297-EA4A-8C59-C429FB0693A9.root?tried=, mode: 0660, flags: kXR_open_read kXR_async kXR_retstat )
%MSG-w XrdAdaptorInternal:  file_open 10-Mar-2021 13:15:25 CET pre-events
Failed to open file at URL root://se3.itep.ru:1094//store/data/Run2018A/ParkingBPH1/MINIAOD/05May2019-v1/00000/12280ABA-1297-EA4A-8C59-C429FB0693A9.root?tried=.
%MSG
----- Begin Fatal Exception 10-Mar-2021 13:15:25 CET-----------------------
An exception of category 'FileOpenError' occurred while
   [0] Constructing the EventProcessor
   [1] Constructing input source of type PoolSource
   [2] Calling RootInputFileSequence::initTheFile()
   [3] Calling StorageFactory::open()
   [4] Calling XrdFile::open()
Exception Message:
Failed to open the file 'root://xrootd-cms.infn.it//store/data/Run2018A/ParkingBPH1/MINIAOD/05May2019-v1/00000/12280ABA-1297-EA4A-8C59-C429FB0693A9.root'
   Additional Info:
      [a] Input file root://xrootd-cms.infn.it//store/data/Run2018A/ParkingBPH1/MINIAOD/05May2019-v1/00000/12280ABA-1297-EA4A-8C59-C429FB0693A9.root could not be opened.
      [b] XrdCl::File::Open(name='root://xrootd-cms.infn.it//store/data/Run2018A/ParkingBPH1/MINIAOD/05May2019-v1/00000/12280ABA-1297-EA4A-8C59-C429FB0693A9.root', flags=0x10, permissions=0660) => error '[ERROR] Operation expired' (errno=0, code=206). No additional data servers were found.
      [c] Last URL tried: root://se3.itep.ru:1094//store/data/Run2018A/ParkingBPH1/MINIAOD/05May2019-v1/00000/12280ABA-1297-EA4A-8C59-C429FB0693A9.root?tried=
      [d] Problematic data server: se3.itep.ru:1094
      [e] Disabled source: se3.itep.ru:1094
----- End Fatal Exception -------------------------------------------------
